This is pdfTeX, Version 3.1415926-1.40.10 (TeX Live 2009/Debian) (format=latex 2013.1.18)  28 OCT 2013 19:34
entering extended mode
 %&-line parsing enabled.
**report_article.tex
(./report_article.tex
LaTeX2e <2009/09/24>
Babel <v3.8l> and hyphenation patterns for english, usenglishmax, dumylang, noh
yphenation, loaded.
(/usr/share/texmf-texlive/tex/latex/base/article.cls
Document Class: article 2007/10/19 v1.4h Standard LaTeX document class
(/usr/share/texmf-texlive/tex/latex/base/size10.clo
File: size10.clo 2007/10/19 v1.4h Standard LaTeX file (size option)
)
\c@part=\count79
\c@section=\count80
\c@subsection=\count81
\c@subsubsection=\count82
\c@paragraph=\count83
\c@subparagraph=\count84
\c@figure=\count85
\c@table=\count86
\abovecaptionskip=\skip41
\belowcaptionskip=\skip42
\bibindent=\dimen102
)
(/usr/share/texmf-texlive/tex/latex/graphics/graphicx.sty
Package: graphicx 1999/02/16 v1.0f Enhanced LaTeX Graphics (DPC,SPQR)

(/usr/share/texmf-texlive/tex/latex/graphics/keyval.sty
Package: keyval 1999/03/16 v1.13 key=value parser (DPC)
\KV@toks@=\toks14
)
(/usr/share/texmf-texlive/tex/latex/graphics/graphics.sty
Package: graphics 2009/02/05 v1.0o Standard LaTeX Graphics (DPC,SPQR)

(/usr/share/texmf-texlive/tex/latex/graphics/trig.sty
Package: trig 1999/03/16 v1.09 sin cos tan (DPC)
)
(/etc/texmf/tex/latex/config/graphics.cfg
File: graphics.cfg 2009/08/28 v1.8 graphics configuration of TeX Live
)
Package graphics Info: Driver file: dvips.def on input line 91.

(/usr/share/texmf-texlive/tex/latex/graphics/dvips.def
File: dvips.def 1999/02/16 v3.0i Driver-dependant file (DPC,SPQR)
))
\Gin@req@height=\dimen103
\Gin@req@width=\dimen104
)
(/usr/share/texmf-texlive/tex/latex/listings/listings.sty
\lst@mode=\count87
\lst@gtempboxa=\box26
\lst@token=\toks15
\lst@length=\count88
\lst@currlwidth=\dimen105
\lst@column=\count89
\lst@pos=\count90
\lst@lostspace=\dimen106
\lst@width=\dimen107
\lst@newlines=\count91
\lst@lineno=\count92
\lst@maxwidth=\dimen108

(/usr/share/texmf-texlive/tex/latex/listings/lstmisc.sty
File: lstmisc.sty 2007/02/22 1.4 (Carsten Heinz)
\c@lstnumber=\count93
\lst@skipnumbers=\count94
\lst@framebox=\box27
)
(/usr/share/texmf-texlive/tex/latex/listings/listings.cfg
File: listings.cfg 2007/02/22 1.4 listings configuration
))
Package: listings 2007/02/22 1.4 (Carsten Heinz)

(/usr/share/texmf-texlive/tex/latex/subfigure/subfigure.sty
Package: subfigure 2002/03/15 v2.1.5 subfigure package
\subfigtopskip=\skip43
\subfigcapskip=\skip44
\subfigcaptopadj=\dimen109
\subfigbottomskip=\skip45
\subfigcapmargin=\dimen110
\subfiglabelskip=\skip46
\c@subfigure=\count95
\c@lofdepth=\count96
\c@subtable=\count97
\c@lotdepth=\count98

****************************************
* Local config file subfigure.cfg used *
****************************************
(/usr/share/texmf-texlive/tex/latex/subfigure/subfigure.cfg)
\subfig@top=\skip47
\subfig@bottom=\skip48
)
(./report_article.aux)
\openout1 = `report_article.aux'.

LaTeX Font Info:    Checking defaults for OML/cmm/m/it on input line 25.
LaTeX Font Info:    ... okay on input line 25.
LaTeX Font Info:    Checking defaults for T1/cmr/m/n on input line 25.
LaTeX Font Info:    ... okay on input line 25.
LaTeX Font Info:    Checking defaults for OT1/cmr/m/n on input line 25.
LaTeX Font Info:    ... okay on input line 25.
LaTeX Font Info:    Checking defaults for OMS/cmsy/m/n on input line 25.
LaTeX Font Info:    ... okay on input line 25.
LaTeX Font Info:    Checking defaults for OMX/cmex/m/n on input line 25.
LaTeX Font Info:    ... okay on input line 25.
LaTeX Font Info:    Checking defaults for U/cmr/m/n on input line 25.
LaTeX Font Info:    ... okay on input line 25.
\c@lstlisting=\count99
LaTeX Font Info:    External font `cmex10' loaded for size
(Font)              <12> on input line 29.
LaTeX Font Info:    External font `cmex10' loaded for size
(Font)              <8> on input line 29.
LaTeX Font Info:    External font `cmex10' loaded for size
(Font)              <6> on input line 29.

Underfull \vbox (badness 5696) has occurred while \output is active []

 [1


]
Underfull \vbox (badness 1735) has occurred while \output is active []

LaTeX Font Info:    External font `cmex10' loaded for size
(Font)              <7> on input line 98.
LaTeX Font Info:    External font `cmex10' loaded for size
(Font)              <5> on input line 98.

Underfull \vbox (badness 4108) has occurred while \output is active []

 [2]
LaTeX Font Info:    Try loading font information for OMS+cmr on input line 116.


(/usr/share/texmf-texlive/tex/latex/base/omscmr.fd
File: omscmr.fd 1999/05/25 v2.5h Standard LaTeX font definitions
)
LaTeX Font Info:    Font shape `OMS/cmr/m/n' in size <10> not available
(Font)              Font shape `OMS/cmsy/m/n' tried instead on input line 116.

Underfull \hbox (badness 1472) in paragraph at lines 118--119
\OT1/cmr/m/n/10 com-par-ing the strength of ob-fus-cated codes,
 []


Underfull \hbox (badness 10000) in paragraph at lines 157--157
[]\OT1/cmr/m/n/10 Method names
 []


Underfull \hbox (badness 10000) in paragraph at lines 157--157
\OT1/cmr/m/n/10 method, syn-chro-
 []


Underfull \hbox (badness 10000) in paragraph at lines 157--157
[]\OT1/cmr/m/n/10 Ambigous in-vo-ca-
 []


Underfull \hbox (badness 2435) in paragraph at lines 157--157
\OT1/cmr/m/n/10 tion of ei-ther an
 []


Underfull \hbox (badness 1406) in paragraph at lines 157--157
\OT1/cmr/m/n/10 in-her-ited or outer
 []


Underfull \hbox (badness 10000) in paragraph at lines 157--157
[]\OT1/cmr/m/n/10 Class names
 []


Underfull \hbox (badness 10000) in paragraph at lines 157--157
\OT1/cmr/m/n/10 shouldn't shadow
 []


Underfull \hbox (badness 1365) in paragraph at lines 157--157
\OT1/cmr/m/n/10 even though it is
 []


Underfull \hbox (badness 1365) in paragraph at lines 157--157
[]\OT1/cmr/m/n/10 Class de-fines field
 []


Underfull \hbox (badness 1033) in paragraph at lines 157--157
\OT1/cmr/m/n/10 an-other field in a sup-per-class
 []


Overfull \hbox (15.91602pt too wide) in paragraph at lines 157--158
 [][] 
 []


Underfull \hbox (badness 10000) in paragraph at lines 189--189
[]\OT1/cmr/m/n/10 non-transient
 []


Underfull \hbox (badness 10000) in paragraph at lines 189--189
\OT1/cmr/m/n/10 non-serializable
 []


Underfull \hbox (badness 10000) in paragraph at lines 189--189
\OT1/cmr/m/n/10 in-stance field in
 []


Underfull \hbox (badness 2005) in paragraph at lines 189--189
[]\OT1/cmr/m/n/10 inner class or even con-struc-
 []


Underfull \hbox (badness 4454) in paragraph at lines 189--189
\OT1/cmr/m/n/10 tors im-ple-ment-ing se-ri-al-iz-able
 []


Underfull \hbox (badness 10000) in paragraph at lines 189--189
[]\OT1/cmr/m/n/10 Redundant
 []


Underfull \hbox (badness 1448) in paragraph at lines 189--189
\OT1/cmr/m/n/10 nullcheck of value
 []


Underfull \hbox (badness 1603) in paragraph at lines 189--189
[]\OT1/cmr/m/n/10 Method might ig-
 []


Overfull \hbox (12.55214pt too wide) in paragraph at lines 189--190
 [][] 
 []

(/usr/share/texmf-texlive/tex/latex/listings/lstlang1.sty
File: lstlang1.sty 2004/09/05 1.3 listings language file
)

LaTeX Warning: `h' float specifier changed to `ht'.

[3]
LaTeX Font Info:    Font shape `OMS/cmr/m/n' in size <5> not available
(Font)              Font shape `OMS/cmsy/m/n' tried instead on input line 198.
Missing character: There is no â in font cmtt10!
Missing character: There is no € in font cmtt10!
Missing character: There is no ™ in font cmtt10!
Missing character: There is no â in font cmtt10!
Missing character: There is no € in font cmtt10!
Missing character: There is no ™ in font cmtt10!

Underfull \hbox (badness 3000) in paragraph at lines 241--246
\OT1/cmr/m/n/10 tra bug. List-ing 3[] and List-ing 4[] shows an
 []


Underfull \hbox (badness 2626) in paragraph at lines 241--246
\OT1/cmr/m/n/10 ex-am-ple of \OT1/cmtt/m/n/10 Class is serializable, but doesnt

 []

[4]
Underfull \hbox (badness 1859) in paragraph at lines 315--317
\OT1/cmr/m/n/10 The over-all sys-tem ar-chi-tec-ture of Pri-vacy Pre-
 []


Underfull \hbox (badness 3746) in paragraph at lines 315--317
\OT1/cmr/m/n/10 serv-ing Static Anal-y-sis is shown in Fig-ure 1[].
 []


Underfull \hbox (badness 1418) in paragraph at lines 315--317
\OT1/cmr/m/n/10 We broadly di-vide the sys-tem into three ma-jor
 []

File: ./architecture1.eps Graphic file (type eps)
<./architecture1.eps>
Overfull \hbox (12.90576pt too wide) in paragraph at lines 320--322
 [][] 
 []


Underfull \hbox (badness 7030) in paragraph at lines 341--345
[]\OT1/cmr/m/n/10 Another es-sen-tial part of the tool is the
 []

[5]
LaTeX Font Info:    Try loading font information for OML+cmr on input line 366.

 (/usr/share/texmf-texlive/tex/latex/base/omlcmr.fd
File: omlcmr.fd 1999/05/25 v2.5h Standard LaTeX font definitions
)
LaTeX Font Info:    Font shape `OML/cmr/m/n' in size <5> not available
(Font)              Font shape `OML/cmm/m/it' tried instead on input line 366.
File: ./origdep.eps Graphic file (type eps)
 <./origdep.eps>
File: ./obfdep1.eps Graphic file (type eps)

<./obfdep1.eps>
File: ./obfdep2.eps Graphic file (type eps)
 <./obfdep2.eps>
File: ./obfdep3.eps Graphic file (type eps)
 <./obfdep3.eps>
File: ./obfdep4.eps Graphic file (type eps)
 <./obfdep4.eps>
File: ./obfdep5.eps Graphic file (type eps)

<./obfdep5.eps>
File: ./obfdep6.eps Graphic file (type eps)
 <./obfdep6.eps>
File: ./obfdep7.eps Graphic file (type eps)
 <./obfdep7.eps> [6]
Missing character: There is no â in font cmr10!
Missing character: There is no € in font cmr10!
Missing character: There is no ” in font cmr10!
Missing character: There is no â in font cmr10!
Missing character: There is no € in font cmr10!
Missing character: There is no ” in font cmr10!
Missing character: There is no â in font cmr10!
Missing character: There is no € in font cmr10!
Missing character: There is no ” in font cmr10!

Underfull \vbox (badness 10000) has occurred while \output is active []


(./report_article.bbl
Overfull \hbox (39.5802pt too wide) in paragraph at lines 11--15
\OT1/cmr/m/it/10 http://www.sable.mcgill.ca/publications/techreports/sable-
 []

[7]
Underfull \hbox (badness 1048) in paragraph at lines 24--30
\OT1/cmr/m/n/10 Reuven Lazarus, William Pugh, and Kristin
 []


Underfull \hbox (badness 1077) in paragraph at lines 39--44
\OT1/cmr/m/it/10 guage de-sign and im-ple-men-ta-tion\OT1/cmr/m/n/10 , PLDI '02
,
 []


Underfull \hbox (badness 1168) in paragraph at lines 46--52
\OT1/cmr/m/it/10 The-ory and prac-tice of soft-ware, 14th in-ter-
 []


Underfull \hbox (badness 1762) in paragraph at lines 46--52
\OT1/cmr/m/it/10 na-tional con-fer-ence on Tools and al-go-rithms
 []


Underfull \hbox (badness 1521) in paragraph at lines 76--79
[]\OT1/cmr/m/n/10 Apache Soft-ware Foun-da-tion.  Lucene.  In
 []


Underfull \hbox (badness 1215) in paragraph at lines 81--84
[]\OT1/cmr/m/n/10 Apache Soft-ware Foun-da-tion.  Tom-cat.  In
 []


Underfull \hbox (badness 10000) in paragraph at lines 86--89
[]\OT1/cmr/m/n/10 Eclipse Foun-da-tion.  Eclipse ide.  In
 []


Underfull \hbox (badness 1596) in paragraph at lines 97--100
\OT1/cmr/m/n/10 en-tropy mea-sures for code ob-fus-ca-tion.  In
 []


Underfull \hbox (badness 10000) in paragraph at lines 107--110
[]\OT1/cmr/m/n/10 Coverity Inc.  Cover-ity save: Cover-
 []


Underfull \hbox (badness 3323) in paragraph at lines 107--110
\OT1/cmr/m/n/10 ity static anal-y-sis ver-i-fi-ca-tion en-gine.  In
 []


Underfull \hbox (badness 10000) in paragraph at lines 112--115
[]\OT1/cmr/m/n/10 Klockwork.  Klock-work in-sight.  In
 []


Underfull \hbox (badness 10000) in paragraph at lines 117--120
[]\OT1/cmr/m/n/10 Eric Lafor-tune.  Pro-guard.  In
 []

Missing character: There is no Ã in font cmr10!
Missing character: There is no ¡ in font cmr10!
Missing character: There is no Ã in font cmr10!
Missing character: There is no ³ in font cmr10!
Missing character: There is no Ã in font cmr10!
Missing character: There is no ¡ in font cmr10!
[8]
Underfull \hbox (badness 10000) in paragraph at lines 144--147
[]\OT1/cmr/m/n/10 Parasoft.  Para-soft dottest.  In
 []


Underfull \hbox (badness 4229) in paragraph at lines 149--154
[]\OT1/cmr/m/n/10 Raluca Ada Popa, Cather-ine M. S. Red-
 []


Underfull \hbox (badness 10000) in paragraph at lines 156--160
[]\OT1/cmr/m/n/10 Rupak Ma-jum-dar Sai Deep Tetali,
 []


Underfull \hbox (badness 10000) in paragraph at lines 192--195
[]\OT1/cmr/m/n/10 Zelix.  Klass-mas-ter.  In
 []

) [9

] (./report_article.aux) ) 
Here is how much of TeX's memory you used:
 2137 strings out of 495062
 29211 string characters out of 1182644
 145837 words of memory out of 3000000
 5327 multiletter control sequences out of 15000+50000
 8410 words of font info for 30 fonts, out of 3000000 for 9000
 28 hyphenation exceptions out of 8191
 26i,11n,40p,281b,1445s stack positions out of 5000i,500n,10000p,200000b,50000s

Output written on report_article.dvi (9 pages, 68432 bytes).
